\BOOKMARK [0][-]{dummy.1}{\376\377\000R\000e\000s\000u\000m\000e\000n}{}% 1
\BOOKMARK [0][-]{dummy.3}{\376\377\000\315\000n\000d\000i\000c\000e\000\040\000d\000e\000\040\000F\000i\000g\000u\000r\000a\000s}{}% 2
\BOOKMARK [0][-]{dummy.5}{\376\377\000L\000i\000s\000t\000a\000\040\000d\000e\000\040\000T\000a\000b\000l\000a\000s}{}% 3
\BOOKMARK [0][-]{chapter*.7}{\376\377\000\315\000n\000d\000i\000c\000e\000\040\000d\000e\000\040\000a\000l\000g\000o\000r\000i\000t\000m\000o\000s}{}% 4
\BOOKMARK [0][-]{dummy.8}{\376\377\000A\000c\000r\000\363\000n\000i\000m\000o\000s\000\040\000y\000\040\000S\000\355\000m\000b\000o\000l\000o\000s}{}% 5
\BOOKMARK [0][-]{chapter*.11}{\376\377\000I\000n\000t\000r\000o\000d\000u\000c\000c\000i\000\363\000n}{}% 6
\BOOKMARK [0][-]{chapter.12}{\376\377\0001\000\040\000M\000a\000r\000c\000o\000\040\000t\000e\000\363\000r\000i\000c\000o}{}% 7
\BOOKMARK [1][-]{section.13}{\376\377\0001\000.\0001\000\040\000D\000e\000s\000c\000u\000b\000r\000i\000m\000i\000e\000n\000t\000o\000\040\000d\000e\000\040\000C\000o\000n\000o\000c\000i\000m\000i\000e\000n\000t\000o\000\040\000y\000\040\000p\000r\000e\000p\000r\000o\000c\000e\000s\000a\000m\000i\000e\000n\000t\000o\000\040\000d\000e\000\040\000d\000a\000t\000o\000s}{chapter.12}% 8
\BOOKMARK [1][-]{section.14}{\376\377\0001\000.\0002\000\040\000S\000e\000l\000e\000c\000c\000i\000\363\000n\000\040\000d\000e\000\040\000I\000n\000s\000t\000a\000n\000c\000i\000a\000s\000\040\000y\000\040\000S\000e\000l\000e\000c\000c\000i\000\363\000n\000\040\000d\000e\000\040\000P\000r\000o\000t\000o\000t\000i\000p\000o\000s}{chapter.12}% 9
\BOOKMARK [2][-]{subsection.17}{\376\377\0001\000.\0002\000.\0001\000\040\000T\000a\000x\000o\000n\000o\000m\000\355\000a\000\040\000d\000e\000l\000\040\000p\000r\000o\000b\000l\000e\000m\000a\000\040\000d\000e\000\040\000s\000e\000l\000e\000c\000c\000i\000\363\000n\000\040\000d\000e\000\040\000p\000r\000o\000t\000o\000t\000i\000p\000o\000s}{section.14}% 10
\BOOKMARK [3][-]{subsubsection.18}{\376\377\0001\000.\0002\000.\0001\000.\0001\000\040\000D\000i\000r\000e\000c\000c\000i\000\363\000n\000\040\000d\000e\000\040\000b\000\372\000s\000q\000u\000e\000d\000a}{subsection.17}% 11
\BOOKMARK [3][-]{subsubsection.19}{\376\377\0001\000.\0002\000.\0001\000.\0002\000\040\000T\000i\000p\000o\000\040\000d\000e\000\040\000s\000e\000l\000e\000c\000c\000i\000\363\000n}{subsection.17}% 12
\BOOKMARK [3][-]{subsubsection.20}{\376\377\0001\000.\0002\000.\0001\000.\0003\000\040\000E\000v\000a\000l\000u\000a\000c\000i\000\363\000n\000\040\000d\000e\000\040\000l\000a\000\040\000b\000\372\000s\000q\000u\000e\000d\000a}{subsection.17}% 13
\BOOKMARK [2][-]{subsection.22}{\376\377\0001\000.\0002\000.\0002\000\040\000H\000e\000u\000r\000\355\000s\000t\000i\000c\000a\000s}{section.14}% 14
\BOOKMARK [3][-]{subsubsection.23}{\376\377\0001\000.\0002\000.\0002\000.\0001\000\040\000C\000o\000n\000d\000e\000n\000s\000e\000d\000\040\000N\000e\000a\000r\000e\000s\000t\000\040\000N\000e\000i\000g\000h\000b\000o\000r\000\040\000\050\000C\000N\000N\000\051}{subsection.22}% 15
\BOOKMARK [3][-]{subsubsection.25}{\376\377\0001\000.\0002\000.\0002\000.\0002\000\040\000E\000d\000i\000t\000e\000d\000\040\000N\000e\000a\000r\000e\000s\000t\000\040\000N\000e\000i\000g\000h\000b\000o\000r\000\040\000\050\000E\000N\000N\000\051}{subsection.22}% 16
\BOOKMARK [3][-]{subsubsection.27}{\376\377\0001\000.\0002\000.\0002\000.\0003\000\040\000R\000e\000l\000a\000x\000e\000d\000\040\000S\000e\000l\000e\000c\000t\000i\000v\000e\000\040\000S\000u\000b\000s\000e\000t\000\040\000\050\000R\000S\000S\000\051}{subsection.22}% 17
\BOOKMARK [1][-]{section.29}{\376\377\0001\000.\0003\000\040\000M\000e\000t\000e\000h\000e\000u\000r\000\355\000s\000t\000i\000c\000a\000s}{chapter.12}% 18
\BOOKMARK [2][-]{subsection.33}{\376\377\0001\000.\0003\000.\0001\000\040\000M\000e\000t\000a\000h\000e\000u\000r\000\355\000s\000t\000i\000c\000a\000s\000\040\000b\000a\000s\000a\000d\000a\000s\000\040\000e\000n\000\040\000u\000n\000a\000\040\000\372\000n\000i\000c\000a\000\040\000s\000o\000l\000u\000c\000i\000\363\000n}{section.29}% 19
\BOOKMARK [2][-]{subsection.34}{\376\377\0001\000.\0003\000.\0002\000\040\000M\000e\000t\000a\000h\000e\000u\000r\000\355\000s\000t\000i\000c\000a\000s\000\040\000b\000a\000s\000a\000d\000a\000s\000\040\000e\000n\000\040\000u\000n\000a\000\040\000p\000o\000b\000l\000a\000c\000i\000\363\000n}{section.29}% 20
\BOOKMARK [3][-]{subsubsection.35}{\376\377\0001\000.\0003\000.\0002\000.\0001\000\040\000A\000l\000g\000o\000r\000i\000t\000m\000o\000s\000\040\000e\000v\000o\000l\000u\000t\000i\000v\000o\000s}{subsection.34}% 21
\BOOKMARK [4][-]{paragraph.36}{\376\377\0001\000.\0003\000.\0002\000.\0001\000.\0001\000\040\000A\000l\000g\000o\000r\000i\000t\000m\000o\000\040\000G\000e\000n\000\351\000t\000i\000c\000o\000\040\000G\000e\000n\000e\000r\000a\000c\000i\000o\000n\000a\000l\000\040\000\050\000G\000G\000A\000\051}{subsubsection.35}% 22
\BOOKMARK [4][-]{paragraph.38}{\376\377\0001\000.\0003\000.\0002\000.\0001\000.\0002\000\040\000A\000l\000g\000o\000r\000i\000t\000m\000o\000\040\000G\000e\000n\000\351\000t\000i\000c\000o\000\040\000E\000s\000t\000a\000c\000i\000o\000n\000a\000r\000i\000o\000\040\000\050\000S\000S\000G\000A\000\051}{subsubsection.35}% 23
\BOOKMARK [4][-]{paragraph.40}{\376\377\0001\000.\0003\000.\0002\000.\0001\000.\0003\000\040\000A\000l\000g\000o\000r\000i\000t\000m\000o\000\040\000M\000e\000m\000\351\000t\000i\000c\000o\000\040\000\050\000M\000A\000\051}{subsubsection.35}% 24
\BOOKMARK [4][-]{paragraph.42}{\376\377\0001\000.\0003\000.\0002\000.\0001\000.\0004\000\040\000C\000H\000C\000\040\000A\000d\000a\000p\000t\000a\000t\000i\000v\000e\000\040\000S\000e\000a\000r\000c\000h\000\040\000A\000l\000g\000o\000r\000i\000t\000h\000m}{subsubsection.35}% 25
\BOOKMARK [0][-]{chapter.46}{\376\377\0002\000\040\000M\000a\000r\000c\000o\000\040\000m\000e\000t\000o\000d\000o\000l\000\363\000g\000i\000c\000o}{}% 26
\BOOKMARK [1][-]{section.47}{\376\377\0002\000.\0001\000\040\000R\000e\000p\000r\000e\000s\000e\000n\000t\000a\000c\000i\000\363\000n\000\040\000d\000e\000l\000\040\000c\000r\000o\000m\000o\000s\000o\000m\000a}{chapter.46}% 27
\BOOKMARK [1][-]{section.50}{\376\377\0002\000.\0002\000\040\000F\000u\000n\000c\000i\000\363\000n\000\040\000o\000b\000j\000e\000t\000i\000v\000o}{chapter.46}% 28
\BOOKMARK [1][-]{section.52}{\376\377\0002\000.\0003\000\040\000A\000d\000a\000p\000t\000a\000c\000i\000o\000n\000e\000s\000\040\000d\000e\000\040\000l\000o\000s\000\040\000a\000l\000g\000o\000r\000i\000t\000m\000o\000s\000\040\000e\000v\000o\000l\000u\000t\000i\000v\000o\000s}{chapter.46}% 29
\BOOKMARK [1][-]{section.57}{\376\377\0002\000.\0004\000\040\000C\000r\000i\000t\000e\000r\000i\000o\000s\000\040\000p\000a\000r\000a\000\040\000c\000o\000m\000p\000a\000r\000a\000r\000\040\000l\000o\000s\000\040\000m\000\351\000t\000o\000d\000o\000s\000\040\000d\000e\000\040\000s\000e\000l\000e\000c\000c\000i\000\363\000n\000\040\000d\000e\000\040\000p\000r\000o\000t\000o\000t\000i\000p\000o\000s}{chapter.46}% 30
\BOOKMARK [1][-]{section.59}{\376\377\0002\000.\0005\000\040\000C\000o\000n\000j\000u\000n\000t\000o\000\040\000d\000e\000\040\000d\000a\000t\000o\000s}{chapter.46}% 31
\BOOKMARK [1][-]{section.63}{\376\377\0002\000.\0006\000\040\000V\000a\000l\000i\000d\000a\000c\000i\000\363\000n\000\040\000c\000r\000u\000z\000a\000d\000a\000\040\000y\000\040\000e\000s\000t\000r\000a\000t\000i\000f\000i\000c\000a\000c\000i\000\363\000n}{chapter.46}% 32
\BOOKMARK [1][-]{section.66}{\376\377\0002\000.\0007\000\040\000E\000n\000t\000o\000n\000a\000c\000i\000\363\000n\000\040\000d\000e\000\040\000l\000a\000s\000\040\000m\000e\000t\000a\000h\000e\000u\000r\000\355\000s\000t\000i\000c\000a\000s}{chapter.46}% 33
\BOOKMARK [0][-]{chapter.68}{\376\377\0003\000\040\000E\000v\000a\000l\000u\000a\000c\000i\000\363\000n\000\040\000e\000x\000p\000e\000r\000i\000m\000e\000n\000t\000a\000l}{}% 34
\BOOKMARK [1][-]{section.69}{\376\377\0003\000.\0001\000\040\000D\000i\000s\000e\000\361\000o\000\040\000e\000x\000p\000e\000r\000i\000m\000e\000n\000t\000a\000l}{chapter.68}% 35
\BOOKMARK [2][-]{subsection.80}{\376\377\0003\000.\0001\000.\0001\000\040\000R\000e\000s\000u\000l\000t\000a\000d\000o\000s}{section.69}% 36
\BOOKMARK [3][-]{subsubsection.81}{\376\377\0003\000.\0001\000.\0001\000.\0001\000\040\000H\000e\000u\000r\000\355\000s\000t\000i\000c\000a\000s}{subsection.80}% 37
\BOOKMARK [3][-]{subsubsection.83}{\376\377\0003\000.\0001\000.\0001\000.\0002\000\040\000M\000e\000t\000a\000h\000e\000u\000r\000\355\000s\000t\000i\000c\000a\000s}{subsection.80}% 38
\BOOKMARK [3][-]{subsubsection.93}{\376\377\0003\000.\0001\000.\0001\000.\0003\000\040\000V\000a\000r\000i\000a\000c\000i\000o\000n\000e\000s\000\040\000d\000e\000\040\000l\000a\000s\000\040\000m\000e\000t\000a\000h\000e\000u\000r\000\355\000s\000t\000i\000c\000a\000s}{subsection.80}% 39
\BOOKMARK [4][-]{paragraph.94}{\376\377\0003\000.\0001\000.\0001\000.\0003\000.\0001\000\040\000C\000o\000n\000j\000u\000n\000t\000o\000s\000\040\000p\000e\000q\000u\000e\000\361\000o\000s}{subsubsection.93}% 40
\BOOKMARK [4][-]{paragraph.105}{\376\377\0003\000.\0001\000.\0001\000.\0003\000.\0002\000\040\000C\000o\000n\000j\000u\000n\000t\000o\000s\000\040\000m\000e\000d\000i\000a\000n\000o\000s}{subsubsection.93}% 41
\BOOKMARK [4][-]{paragraph.116}{\376\377\0003\000.\0001\000.\0001\000.\0003\000.\0003\000\040\000C\000o\000n\000j\000u\000n\000t\000o\000s\000\040\000G\000r\000a\000n\000d\000e\000s}{subsubsection.93}% 42
\BOOKMARK [0][-]{chapter*.118}{\376\377\000C\000o\000n\000c\000l\000u\000s\000i\000o\000n\000e\000s\000\040\000y\000\040\000R\000e\000c\000o\000m\000e\000n\000d\000a\000c\000i\000o\000n\000e\000s}{}% 43
\BOOKMARK [0][-]{section*.119}{\376\377\000B\000i\000b\000l\000i\000o\000g\000r\000a\000f\000\355\000a}{}% 44
\BOOKMARK [0][-]{appendix.121}{\376\377\000A\000\040\000R\000e\000s\000u\000l\000t\000a\000d\000o\000s\000\040\000d\000e\000\040\000t\000o\000d\000o\000s\000\040\000l\000o\000s\000\040\000c\000o\000n\000j\000u\000n\000t\000o\000s}{}% 45
